<?xml version="1.0" encoding="UTF-8"?>
<!-- Generated by org.testng.reporters.JUnitReportReporter -->
<testsuite hostname="kemas" failures="0" tests="1" name="com.mohs10.database_testing.Mercury_Info" time="10.260" errors="0" timestamp="2023-02-23T14:23:26 IST" skipped="0">
  <testcase classname="com.mohs10.database_testing.Mercury_Info" name="testDB" time="10.260"/>
  <system-out/>
</testsuite> <!-- com.mohs10.database_testing.Mercury_Info -->
