<?xml version="1.0" encoding="UTF-8"?>
<!-- Generated by org.testng.reporters.JUnitReportReporter -->
<testsuite hostname="kemas" failures="0" tests="1" name="com.mohs10.scripts.HomeTest" time="45.655" errors="0" timestamp="2023-02-23T13:39:12 IST" skipped="0">
  <testcase classname="com.mohs10.scripts.HomeTest" name="LoginTestCase" time="45.655"/>
  <system-out/>
</testsuite> <!-- com.mohs10.scripts.HomeTest -->
