<?xml version="1.0" encoding="UTF-8"?>
<!-- Generated by org.testng.reporters.JUnitReportReporter -->
<testsuite hostname="kemas" failures="0" tests="1" name="com.mohs10.scripts.AppTest" time="12.914" errors="0" timestamp="2023-02-01T12:53:13 IST" skipped="0">
  <testcase classname="com.mohs10.scripts.AppTest" name="kickStart" time="12.914"/>
  <system-out/>
</testsuite> <!-- com.mohs10.scripts.AppTest -->
