<?xml version="1.0" encoding="UTF-8"?>
<!-- Generated by org.testng.reporters.JUnitReportReporter -->
<testsuite hostname="kemas" failures="0" tests="1" name="com.mohs10.database_testing.User_info" time="2.183" errors="0" timestamp="2023-02-24T17:45:39 IST" skipped="0">
  <testcase classname="com.mohs10.database_testing.User_info" name="testDB" time="2.183"/>
  <system-out/>
</testsuite> <!-- com.mohs10.database_testing.User_info -->
